<?xml version="1.0" encoding="UTF-8"?>
<!-- Generated by org.testng.reporters.JUnitReportReporter -->
<testsuite hostname="DESKTOP-8FDCMHT" failures="0" tests="1" name="com.test.ScreenShotTest" time="31.615" errors="0" timestamp="2022-05-03T21:53:05 IST" skipped="0">
  <testcase classname="com.test.ScreenShotTest" name="getScreenShotTest" time="31.615"/>
  <system-out/>
</testsuite> <!-- com.test.ScreenShotTest -->
