<?xml version="1.0" encoding="UTF-8"?>
<!-- Generated by org.testng.reporters.JUnitReportReporter -->
<testsuite skipped="0" hostname="DESKTOP-8FDCMHT" name="com.test.ScreenShotTest" tests="1" failures="0" timestamp="2022-05-03T16:32:42 IST" time="61.226" errors="0">
  <testcase name="getScreenShotTest" time="61.226" classname="com.test.ScreenShotTest"/>
  <system-out/>
</testsuite> <!-- com.test.ScreenShotTest -->
